<?xml version="1.0" encoding="UTF-8"?>
<!-- Generated by org.testng.reporters.JUnitReportReporter -->
<testsuite skipped="0" hostname="DESKTOP-2S5GRH2" name="Runner.TestRunner" tests="1" failures="0" timestamp="21 Sep 2019 06:59:54 GMT" time="17.161" errors="0">
  <testcase name="feature" time="17.161" classname="Runner.TestRunner"/>
</testsuite> <!-- Runner.TestRunner -->
