<?xml version="1.0" encoding="UTF-8"?>
<!-- Generated by org.testng.reporters.JUnitReportReporter -->
<testsuite skipped="0" hostname="DESKTOP-0AG0V8V" name="Runner.TestRunner" tests="1" failures="0" timestamp="03 Oct 2019 06:42:05 GMT" time="21.796" errors="0">
  <testcase name="feature" time="21.796" classname="Runner.TestRunner"/>
</testsuite> <!-- Runner.TestRunner -->
